PMID-	PMID-	NN	B-NP	O
21349662	21349662	CD	I-NP	O

TI	TI	LS	B-LST	O
-	-	:	O	O
OmpA	OmpA	NN	B-NP	B-protein
is	be	VBZ	B-VP	O
a	a	DT	B-NP	O
virulence	virulence	NN	I-NP	B-protein
factor	factor	NN	I-NP	I-protein
of	of	IN	B-PP	O
Riemerella	Riemerella	NN	B-NP	O
anatipestifer	anatipestifer	NN	I-NP	O
.	.	.	O	O

AB	AB	LS	B-LST	O
-	-	:	O	O
Riemerella	Riemerella	NN	B-NP	O
anatipestifer	anatipestifer	NN	I-NP	O
infection	infection	NN	I-NP	O
is	be	VBZ	B-VP	O
probably	probably	RB	B-ADVP	O
the	the	DT	B-NP	O
most	most	RBS	I-NP	O
economically	economically	RB	I-NP	O
important	important	JJ	I-NP	O
disease	disease	NN	I-NP	O
of	of	IN	B-PP	O
farm	farm	NN	B-NP	O
ducks	duck	NNS	I-NP	O
worldwide.	worldwide.	VBP	B-VP	O
The	The	DT	B-NP	O
pathogen	pathogen	NN	I-NP	O
R.	R.	NNP	I-NP	O
anatipestifer	anatipestifer	NN	I-NP	O
causes	cause	VBZ	B-VP	O
septicemia	septicemia	NN	B-NP	O
anserum	anserum	NN	I-NP	O
exsudativa	exsudativa	NN	I-NP	O
in	in	IN	B-PP	O
ducks	duck	NNS	B-NP	O
,	,	,	O	O
but	but	CC	O	O
little	little	JJ	B-NP	O
is	be	VBZ	B-VP	O
known	know	VBN	I-VP	O
about	about	IN	B-PP	O
the	the	DT	B-NP	O
molecular	molecular	JJ	I-NP	O
basis	basis	NN	I-NP	O
of	of	IN	B-PP	O
its	its	PRP$	B-NP	O
pathogenesis	pathogenesis	NN	I-NP	O
and	and	CC	O	O
the	the	DT	B-NP	O
virulence	virulence	NN	I-NP	B-protein
factors	factor	NNS	I-NP	I-protein
involved.	involved.	VBP	B-VP	O
In	In	IN	B-PP	O
this	this	DT	B-NP	O
study	study	NN	I-NP	O
,	,	,	O	O
by	by	IN	B-PP	O
deleting	delete	VBG	B-VP	O
ompA	ompA	NN	B-NP	B-DNA
gene	gene	NN	I-NP	I-DNA
from	from	IN	B-PP	O
R.	R.	NNP	B-NP	O
anatipestifer	anatipestifer	NN	I-NP	O
serotype	serotype	NN	I-NP	O
2	2	CD	I-NP	O
strain	strain	NN	I-NP	O
Th4	Th4	NN	I-NP	O
,	,	,	O	O
we	we	PRP	B-NP	O
constructed	construct	VBD	B-VP	O
a	a	DT	B-NP	O
mutant	mutant	JJ	I-NP	O
strain	strain	NN	I-NP	O
Th4DeltaompA	Th4DeltaompA	NN	I-NP	O
to	to	TO	B-VP	O
investigate	investigate	VB	I-VP	O
whether	whether	IN	B-SBAR	O
R.	R.	NNP	B-NP	O
anatipestifer	anatipestifer	NN	I-NP	O
OmpA	OmpA	NNP	B-NP	O
is	be	VBZ	B-VP	O
an	an	DT	B-NP	O
important	important	JJ	I-NP	O
virulence	virulence	NN	I-NP	O
factor.	factor.	NN	I-NP	O
Results	Result	NNS	I-NP	O
showed	show	VBD	B-VP	O
that	that	IN	B-SBAR	O
although	although	IN	B-SBAR	O
the	the	DT	B-NP	O
growth	growth	NN	I-NP	O
curve	curve	NN	I-NP	O
,	,	,	O	O
bacterial	bacterial	JJ	B-NP	O
and	and	CC	I-NP	O
colony	colony	NN	I-NP	O
morphology	morphology	NN	I-NP	O
of	of	IN	B-PP	O
Th4DeltaompA	Th4DeltaompA	NN	B-NP	O
in	in	IN	B-PP	O
tryptic	tryptic	JJ	B-NP	O
soybean	soybean	NN	I-NP	O
broth	broth	NN	I-NP	O
(	(	(	O	O
TSB	TSB	NN	B-NP	B-protein
)	)	)	O	O
or	or	CC	O	O
on	on	IN	B-PP	O
TSB	TSB	NN	B-NP	B-protein
agar	agar	NN	I-NP	O
were	be	VBD	B-VP	O
similar	similar	JJ	B-ADJP	O
to	to	TO	B-PP	O
its	its	PRP$	B-NP	O
parent	parent	NN	I-NP	O
strain	strain	NN	I-NP	O
Th4	Th4	NN	I-NP	O
,	,	,	O	O
the	the	DT	B-NP	O
adhesion	adhesion	NN	I-NP	O
and	and	CC	I-NP	O
invasion	invasion	NN	I-NP	O
capacities	capacity	NNS	I-NP	O
of	of	IN	B-PP	O
mutant	mutant	JJ	B-NP	O
strain	strain	NN	I-NP	O
to	to	TO	B-PP	O
Vero	Vero	NN	B-NP	B-cell_line
cells	cell	NNS	I-NP	I-cell_line
were	be	VBD	B-VP	O
decreased	decrease	VBN	I-VP	O
significantly.	significantly.	RB	B-ADVP	O
Furthermore	Furthermore	RB	I-ADVP	O
,	,	,	O	O
the	the	DT	B-NP	O
median	median	JJ	I-NP	O
lethal	lethal	JJ	I-NP	O
dose	dose	NN	I-NP	O
(	(	(	O	O
LD	LD	NN	B-NP	O
(	(	(	O	O
50	50	CD	B-NP	O
)	)	)	O	O
)	)	)	O	O
of	of	IN	B-PP	O
both	both	DT	B-NP	O
strains	strain	NNS	I-NP	O
was	be	VBD	B-VP	O
determined	determine	VBN	I-VP	O
to	to	TO	I-VP	O
measure	measure	VB	I-VP	O
the	the	DT	B-NP	O
virulence	virulence	NN	I-NP	O
with	with	IN	B-PP	O
10-day-old	10-day-old	JJ	B-NP	O
Cherry	Cherry	NNP	I-NP	O
Valley	Valley	NNP	I-NP	O
ducklings.	ducklings.	IN	B-PP	O
The	The	DT	B-NP	O
results	result	NNS	I-NP	O
showed	show	VBD	B-VP	O
that	that	IN	B-SBAR	O
LD	LD	NN	B-NP	O
(	(	(	O	O
50	50	CD	B-NP	O
)	)	)	O	O
of	of	IN	B-PP	O
Th4DeltaompA	Th4DeltaompA	NN	B-NP	B-protein
mutant	mutant	NN	I-NP	I-protein
was	be	VBD	B-VP	O
>	>	SYM	B-NP	O
10	10	CD	B-NP	O
(	(	(	O	O
10	10	CD	B-NP	O
)	)	)	O	O
colony	colony	NN	B-NP	O
forming	form	VBG	B-VP	O
units	unit	NNS	B-NP	O
(	(	(	O	O
CFU	CFU	NN	B-NP	B-protein
)	)	)	O	O
,	,	,	O	O
it	it	PRP	B-NP	O
was	be	VBD	B-VP	O
attenuated	attenuate	VBN	I-VP	O
significantly	significantly	RB	B-ADVP	O
in	in	IN	B-PP	O
comparison	comparison	NN	B-NP	O
with	with	IN	B-PP	O
that	that	DT	B-NP	O
of	of	IN	B-PP	O
Th4	Th4	NN	B-NP	B-cell_type
which	which	WDT	B-NP	O
LD	LD	NN	B-NP	O
(	(	(	O	O
50	50	CD	B-NP	O
)	)	)	O	O
was	be	VBD	B-VP	O
4.41	4.41	CD	B-NP	O
x	x	SYM	O	O
10	10	CD	B-NP	O
(	(	(	O	O
8	8	CD	B-NP	O
)	)	)	O	O
CFU.	CFU.	NNP	B-NP	O
Additional	Additional	JJ	I-NP	O
analysis	analysis	NN	I-NP	O
indicated	indicate	VBD	B-VP	O
that	that	IN	B-SBAR	O
blood	blood	NN	B-NP	O
bacterial	bacterial	JJ	I-NP	O
loading	loading	NN	I-NP	O
of	of	IN	B-PP	O
ducklings	duckling	NNS	B-NP	O
infected	infect	VBN	B-VP	O
with	with	IN	B-PP	O
the	the	DT	B-NP	O
Th4DeltaompA	Th4DeltaompA	NN	I-NP	B-protein
mutant	mutant	NN	I-NP	I-protein
were	be	VBD	B-VP	O
much	much	RB	B-ADJP	O
lower	low	JJR	I-ADJP	O
than	than	IN	B-PP	O
those	those	DT	B-NP	O
of	of	IN	B-PP	O
Th4-infected	Th4-infected	JJ	B-NP	O
ducklings.	ducklings.	NNS	I-NP	O
The	The	DT	B-NP	O
results	result	NNS	I-NP	O
demonstrate	demonstrate	VBP	B-VP	O
that	that	IN	B-SBAR	O
OmpA	OmpA	NN	B-NP	B-protein
is	be	VBZ	B-VP	O
a	a	DT	B-NP	O
virulence	virulence	NN	I-NP	B-protein
factor	factor	NN	I-NP	I-protein
of	of	IN	B-PP	O
R.	R.	NNP	B-NP	O
anatipestifer	anatipestifer	NN	I-NP	O
,	,	,	O	O
and	and	CC	O	O
that	that	IN	B-SBAR	O
it	it	PRP	B-NP	O
may	may	MD	B-VP	O
act	act	VB	I-VP	O
as	as	IN	B-PP	O
an	an	DT	B-NP	O
adhesin	adhesin	NN	I-NP	B-protein
.	.	.	O	O

PT	PT	NN	B-NP	O
-	-	HYPH	O	O
Journal	Journal	NNP	B-NP	O
Article	Article	NNP	I-NP	O

PT	PT	NN	B-NP	O
-	-	HYPH	O	O
Research	Research	NNP	B-NP	O
Support	Support	NNP	I-NP	O
,	,	,	O	O
Non-U.S.	Non-U.S.	NNP	B-NP	O
Gov't	Gov't	NNP	I-NP	O

TA	TA	NN	B-NP	B-protein
-	-	HYPH	I-NP	O
Vet	Vet	NN	I-NP	O
Microbiol	Microbiol	NN	I-NP	O

JT	JT	NNP	B-NP	O
-	-	HYPH	I-NP	O
Veterinary	Veterinary	NNP	I-NP	O
microbiology	microbiology	NN	I-NP	O

JID	JID	NN	B-NP	B-protein
-	-	HYPH	I-NP	O
7705469	7705469	CD	I-NP	O

